<?xml version="1.0" encoding="UTF-8"?>
<testsuite xmlns:xsi="http://www.w3.org/2001/XMLSchema-instance" xsi:noNamespaceSchemaLocation="https://maven.apache.org/surefire/maven-surefire-plugin/xsd/surefire-test-report.xsd" name="com.CalculoFinanceiro.service.TestCalcularCompromedimento" time="0.012" tests="2" errors="0" skipped="0" failures="0">
  <properties>
[...]
</properties>
  <testcase name="calcular_compromedimento_test" classname="com.CalculoFinanceiro.service.TestCalcularCompromedimento" time="0"/>
  <testcase name="calcular_compromedimento_errado" classname="com.CalculoFinanceiro.service.TestCalcularCompromedimento" time="0"/>
</testsuite>